Using pre-set license
Built from '2020.2/release' branch; Version is '2020.2.2f1 (068178b99f32) revision 426360'; Using compiler version '192528614'; Build Type 'Release'
OS: 'Windows 10 Home; OS build 19041.746; Version 2004; 64bit' Language: 'en' Physical Memory: 8053 MB
BatchMode: 1, IsHumanControllingUs: 0, StartBugReporterOnCrash: 0, Is64bit: 1, IsPro: 0

 COMMAND LINE ARGUMENTS:
C:\Program Files\Unity\Hub\Editor\2020.2.2f1\Editor\Unity.exe
-adb2
-batchMode
-noUpm
-name
AssetImportWorker0
-projectPath
C:/Users/iammi/Documents/GitHub/Unity-HDRP-Video-Player-Project
-logFile
Logs/AssetImportWorker0.log
-srvPort
51224
Successfully changed project path to: C:/Users/iammi/Documents/GitHub/Unity-HDRP-Video-Player-Project
C:/Users/iammi/Documents/GitHub/Unity-HDRP-Video-Player-Project
Using Asset Import Pipeline V2.
Refreshing native plugins compatible for Editor in 111.49 ms, found 0 plugins.
Preloading 0 native plugins for Editor in 0.00 ms.
Initialize engine version: 2020.2.2f1 (068178b99f32)
[Subsystems] Discovering subsystems at path C:/Program Files/Unity/Hub/Editor/2020.2.2f1/Editor/Data/Resources/UnitySubsystems
[Subsystems] Discovering subsystems at path C:/Users/iammi/Documents/GitHub/Unity-HDRP-Video-Player-Project/Assets
GfxDevice: creating device client; threaded=0
Direct3D:
    Version:  Direct3D 11.0 [level 11.1]
    Renderer: NVIDIA GeForce GTX 1660 Ti (ID=0x2182)
    Vendor:   
    VRAM:     5991 MB
    Driver:   27.21.14.5730
Initialize mono
Mono path[0] = 'C:/Program Files/Unity/Hub/Editor/2020.2.2f1/Editor/Data/Managed'
Mono path[1] = 'C:/Program Files/Unity/Hub/Editor/2020.2.2f1/Editor/Data/MonoBleedingEdge/lib/mono/unityjit'
Mono config path = 'C:/Program Files/Unity/Hub/Editor/2020.2.2f1/Editor/Data/MonoBleedingEdge/etc'
Using monoOptions --debugger-agent=transport=dt_socket,embedding=1,server=y,suspend=n,address=127.0.0.1:56056
Begin MonoManager ReloadAssembly
Registering precompiled unity dll's ...
Register platform support module: C:/Program Files/Unity/Hub/Editor/2020.2.2f1/Editor/Data/PlaybackEngines/WindowsStandaloneSupport/UnityEditor.WindowsStandalone.Extensions.dll
Registered in 0.001822 seconds.
Native extension for WindowsStandalone target not found
Refreshing native plugins compatible for Editor in 78.08 ms, found 0 plugins.
Preloading 0 native plugins for Editor in 0.00 ms.
Invoked RoslynAnalysisRunner static constructor.
RoslynAnalysisRunner will not be running.
RoslynAnalysisRunner has terminated.
Mono: successfully reloaded assembly
- Completed reload, in  1.057 seconds
Platform modules already initialized, skipping
Registering precompiled user dll's ...
Registered in 0.001759 seconds.
Begin MonoManager ReloadAssembly
Native extension for WindowsStandalone target not found
Refreshing native plugins compatible for Editor in 80.63 ms, found 0 plugins.
Preloading 0 native plugins for Editor in 0.00 ms.
Invoked RoslynAnalysisRunner static constructor.
RoslynAnalysisRunner will not be running.
RoslynAnalysisRunner has terminated.
Mono: successfully reloaded assembly
- Completed reload, in  1.377 seconds
Platform modules already initialized, skipping
========================================================================
Worker process is ready to serve import requests
Launched and connected shader compiler UnityShaderCompiler.exe after 0.05 seconds
Refreshing native plugins compatible for Editor in 0.60 ms, found 0 plugins.
Preloading 0 native plugins for Editor in 0.00 ms.
Unloading 3467 Unused Serialized files (Serialized files now loaded: 0)
System memory in use before: 170.7 MB.
System memory in use after: 168.0 MB.

Unloading 43 unused Assets to reduce memory usage. Loaded Objects now: 3898.
Total: 6.933100 ms (FindLiveObjects: 0.898400 ms CreateObjectMapping: 0.586000 ms MarkObjects: 2.623300 ms  DeleteObjects: 2.823600 ms)

========================================================================
Received Import Request.
  path: Assets/Tree.prefab
  artifactKey: Guid(5ef1df5bb9ac5924ebcf2fd15322ac6c) Importer(815301076,1909f56bfc062723c751e8b465ee728b)
Start importing Assets/Tree.prefab using Guid(5ef1df5bb9ac5924ebcf2fd15322ac6c) Importer(815301076,1909f56bfc062723c751e8b465ee728b)  -> (artifact id: 'c59c8b40143e3a087ffebd5a5d00c98e') in 6.169332 seconds
  Import took 6.179111 seconds .

========================================================================
Received Prepare
Registering precompiled user dll's ...
Registered in 0.002064 seconds.
Begin MonoManager ReloadAssembly
Native extension for WindowsStandalone target not found
Refreshing native plugins compatible for Editor in 0.87 ms, found 0 plugins.
Preloading 0 native plugins for Editor in 0.00 ms.
Invoked RoslynAnalysisRunner static constructor.
RoslynAnalysisRunner will not be running.
RoslynAnalysisRunner has terminated.
Mono: successfully reloaded assembly
- Completed reload, in  1.565 seconds
Platform modules already initialized, skipping
Refreshing native plugins compatible for Editor in 1.09 ms, found 0 plugins.
Preloading 0 native plugins for Editor in 0.00 ms.
Unloading 3230 Unused Serialized files (Serialized files now loaded: 0)
System memory in use before: 172.5 MB.
System memory in use after: 170.3 MB.

Unloading 32 unused Assets to reduce memory usage. Loaded Objects now: 4077.
Total: 9.862300 ms (FindLiveObjects: 1.045600 ms CreateObjectMapping: 1.399000 ms MarkObjects: 3.971900 ms  DeleteObjects: 3.443600 ms)

========================================================================
Received Prepare
Registering precompiled user dll's ...
Registered in 0.001579 seconds.
Begin MonoManager ReloadAssembly
Native extension for WindowsStandalone target not found
Refreshing native plugins compatible for Editor in 0.68 ms, found 0 plugins.
Preloading 0 native plugins for Editor in 0.00 ms.
Invoked RoslynAnalysisRunner static constructor.
RoslynAnalysisRunner will not be running.
RoslynAnalysisRunner has terminated.
Mono: successfully reloaded assembly
- Completed reload, in  1.271 seconds
Platform modules already initialized, skipping
Refreshing native plugins compatible for Editor in 0.66 ms, found 0 plugins.
Preloading 0 native plugins for Editor in 0.00 ms.
Unloading 3213 Unused Serialized files (Serialized files now loaded: 0)
System memory in use before: 171.7 MB.
System memory in use after: 169.5 MB.

Unloading 32 unused Assets to reduce memory usage. Loaded Objects now: 4079.
Total: 6.887000 ms (FindLiveObjects: 0.443600 ms CreateObjectMapping: 0.248900 ms MarkObjects: 3.968900 ms  DeleteObjects: 2.224100 ms)

========================================================================
Received Import Request.
  Time since last request: 1035.811867 seconds.
  path: Assets/Tree_Textures
  artifactKey: Guid(4d243582876c61a4086112d184a0ad1b) Importer(815301076,1909f56bfc062723c751e8b465ee728b)
Start importing Assets/Tree_Textures using Guid(4d243582876c61a4086112d184a0ad1b) Importer(815301076,1909f56bfc062723c751e8b465ee728b)  -> (artifact id: '3e922525270eb19f2d6c8509c44d6653') in 0.014765 seconds
  Import took 0.023419 seconds .

========================================================================
Received Import Request.
  Time since last request: 8.779524 seconds.
  path: Assets/Videos/test.mp4
  artifactKey: Guid(69f14d6107cbdec4ba2551828be638e2) Importer(815301076,1909f56bfc062723c751e8b465ee728b)
Start importing Assets/Videos/test.mp4 using Guid(69f14d6107cbdec4ba2551828be638e2) Importer(815301076,1909f56bfc062723c751e8b465ee728b)  -> (artifact id: '7fa917129473ba8e0f0e41d0de205fbd') in 0.062272 seconds
  Import took 0.069493 seconds .

========================================================================
Received Import Request.
  Time since last request: 20.206867 seconds.
  path: Packages/com.unity.ide.rider/package.json
  artifactKey: Guid(66c95bb3c74257f41bae2622511dc02d) Importer(815301076,1909f56bfc062723c751e8b465ee728b)
Start importing Packages/com.unity.ide.rider/package.json using Guid(66c95bb3c74257f41bae2622511dc02d) Importer(815301076,1909f56bfc062723c751e8b465ee728b)  -> (artifact id: '314e38e6476ae1f0e3d7f819cd80ed1a') in 0.018214 seconds
  Import took 0.024535 seconds .

AssetImportWorkerClient::OnTransportError - code=2 error=End of file
